{"logTime": "0722/090542", "correlationVector":"VmjTtpw7LmZCkZszNinTGL","action":"Normal GetUpdate request", "result":"", "context":cV=VmjTtpw7LmZCkZszNinTGL
Refresh requested types: Bookmarks, Preferences, Passwords, Autofill Profiles, Autofill, Typed URLs, Extensions, Sessions, Extension settings, History Delete Directives, Device Info, User Consents, Send Tab To Self, Web Apps, Collection, Edge E Drop, Edge Hub App Usage, Edge Tab Group, Edge Wallet, Encryption Keys}
{"logTime": "0722/090542", "correlationVector":"VmjTtpw7LmZCkZszNinTGL.1","action":"SyncServerConnectionManagerRequest", "result":"SYNC_SERVER_OK", "context":{"environment":"Prod_JapanEast_000f", "migrationStage":"NotStarted", "server":"GENERAL1100000Y"}}
{"logTime": "0722/090542", "correlationVector":"VmjTtpw7LmZCkZszNinTGL.2","action":"GetUpdates", "result":"DeleteReceived", "context":{"id":"b2936303-b4e4-4d33-9c56-95553df8aa98", "isDeleted:":"true", "version":"1721638483145"}}
{"logTime": "0722/090542", "correlationVector":"VmjTtpw7LmZCkZszNinTGL.3","action":"GetUpdates Response", "result":"Success", "context":Received 2 update(s). cV=VmjTtpw7LmZCkZszNinTGL.0;server=GENERAL1100000Y;cloudType=Consumer;environment=Prod_JapanEast_000f;migrationStage=NotStarted}
{"logTime": "0722/090623", "correlationVector":"pEvFkRf7XxIOFos27GUh61","action":"Normal GetUpdate request", "result":"", "context":cV=pEvFkRf7XxIOFos27GUh61
Nudged types: Sessions}
{"logTime": "0722/090624", "correlationVector":"pEvFkRf7XxIOFos27GUh61.1","action":"SyncServerConnectionManagerRequest", "result":"SYNC_SERVER_OK", "context":{"environment":"Prod_JapanEast_000f", "migrationStage":"NotStarted", "server":"GENERAL11000017"}}
{"logTime": "0722/090624", "correlationVector":"pEvFkRf7XxIOFos27GUh61.2","action":"GetUpdates Response", "result":"Success", "context":Received 0 update(s). cV=pEvFkRf7XxIOFos27GUh61.0;server=GENERAL11000017;cloudType=Consumer;environment=Prod_JapanEast_000f;migrationStage=NotStarted}
{"logTime": "0722/090624", "correlationVector":"RAB0kdWFkuXIstJec7o8Ld","action":"Commit Request", "result":"", "context":Item count: 4
Contributing types: Sessions}
{"logTime": "0722/090624", "correlationVector":"RAB0kdWFkuXIstJec7o8Ld.1","action":"SyncServerConnectionManagerRequest", "result":"SYNC_SERVER_OK", "context":{"environment":"Prod_JapanEast_000f", "migrationStage":"NotStarted", "server":"GENERAL1100001M"}}
{"logTime": "0722/090624", "correlationVector":"RAB0kdWFkuXIstJec7o8Ld.2","action":"Commit Response", "result":"Success", "context":Result: Success. cV=RAB0kdWFkuXIstJec7o8Ld.0;server=GENERAL1100001M;cloudType=Consumer;environment=Prod_JapanEast_000f;migrationStage=NotStarted}
{"logTime": "0722/090836", "correlationVector":"OSWeQdJMUMR24Zxi5hfD7Y","action":"Commit Request", "result":"", "context":Item count: 4
Contributing types: Sessions}
{"logTime": "0722/090836", "correlationVector":"OSWeQdJMUMR24Zxi5hfD7Y.1","action":"SyncServerConnectionManagerRequest", "result":"SYNC_SERVER_OK", "context":{"environment":"Prod_JapanEast_000f", "migrationStage":"NotStarted", "server":"GENERAL1100000U"}}
{"logTime": "0722/090836", "correlationVector":"OSWeQdJMUMR24Zxi5hfD7Y.2","action":"Commit Response", "result":"Success", "context":Result: Success. cV=OSWeQdJMUMR24Zxi5hfD7Y.0;server=GENERAL1100000U;cloudType=Consumer;environment=Prod_JapanEast_000f;migrationStage=NotStarted}
{"logTime": "0722/091040", "correlationVector":"T1W9kWsRL8oArVGKhVYWDZ","action":"Normal GetUpdate request", "result":"", "context":cV=T1W9kWsRL8oArVGKhVYWDZ
Refresh requested types: Bookmarks, Preferences, Passwords, Autofill Profiles, Autofill, Typed URLs, Extensions, Sessions, Extension settings, History Delete Directives, Device Info, User Consents, Send Tab To Self, Web Apps, Collection, Edge E Drop, Edge Hub App Usage, Edge Tab Group, Edge Wallet, Encryption Keys}
{"logTime": "0722/091040", "correlationVector":"T1W9kWsRL8oArVGKhVYWDZ.1","action":"SyncServerConnectionManagerRequest", "result":"SYNC_SERVER_OK", "context":{"environment":"Prod_JapanEast_000f", "migrationStage":"NotStarted", "server":"GENERAL11000000"}}
{"logTime": "0722/091040", "correlationVector":"T1W9kWsRL8oArVGKhVYWDZ.2","action":"GetUpdates Response", "result":"Success", "context":Received 6 update(s). cV=T1W9kWsRL8oArVGKhVYWDZ.0;server=GENERAL11000000;cloudType=Consumer;environment=Prod_JapanEast_000f;migrationStage=NotStarted}
{"logTime": "0722/091127", "correlationVector":"cFt+lWqLpq5Wx0gr/3eq//","action":"Commit Request", "result":"", "context":Item count: 4
Contributing types: Sessions}
{"logTime": "0722/091127", "correlationVector":"cFt+lWqLpq5Wx0gr/3eq//.1","action":"SyncServerConnectionManagerRequest", "result":"SYNC_SERVER_OK", "context":{"environment":"Prod_JapanEast_000f", "migrationStage":"NotStarted", "server":"GENERAL11000001"}}
{"logTime": "0722/091127", "correlationVector":"cFt+lWqLpq5Wx0gr/3eq//.2","action":"Commit Response", "result":"Success", "context":Result: Success. cV=cFt+lWqLpq5Wx0gr/3eq//.0;server=GENERAL11000001;cloudType=Consumer;environment=Prod_JapanEast_000f;migrationStage=NotStarted}
{"logTime": "0722/091651", "correlationVector":"Wgeh1TOFCq6QEcW95ACVqJ","action":"Commit Request", "result":"", "context":Item count: 4
Contributing types: Sessions}
{"logTime": "0722/091652", "correlationVector":"Wgeh1TOFCq6QEcW95ACVqJ.1","action":"SyncServerConnectionManagerRequest", "result":"SYNC_SERVER_OK", "context":{"environment":"Prod_JapanEast_000f", "migrationStage":"NotStarted", "server":"GENERAL01000000"}}
{"logTime": "0722/091652", "correlationVector":"Wgeh1TOFCq6QEcW95ACVqJ.2","action":"Commit Response", "result":"Success", "context":Result: Success. cV=Wgeh1TOFCq6QEcW95ACVqJ.0;server=GENERAL01000000;cloudType=Consumer;environment=Prod_JapanEast_000f;migrationStage=NotStarted}
